[1010/190721.027:ERROR:process_memory_win.cc(73)] ReadMemory at 0x7ff620010000 of 64 bytes failed: Only part of a ReadProcessMemory or WriteProcessMemory request was completed. (0x12B)
[1010/190721.474:WARNING:pe_image_reader.cc(340)] could not read dos header from C:\Program Files (x86)\Google\Chrome\Application\chrome.exe
[1010/190721.474:ERROR:process_memory_win.cc(73)] ReadMemory at 0x7ffa013c0000 of 64 bytes failed: Only part of a ReadProcessMemory or WriteProcessMemory request was completed. (0x12B)
[1010/190721.474:WARNING:pe_image_reader.cc(340)] could not read dos header from C:\WINDOWS\SYSTEM32\ntdll.dll
[1010/190721.474:ERROR:process_memory_win.cc(73)] ReadMemory at 0x7ff9ff5f0000 of 64 bytes failed: Only part of a ReadProcessMemory or WriteProcessMemory request was completed. (0x12B)
[1010/190721.474:WARNING:pe_image_reader.cc(340)] could not read dos header from C:\WINDOWS\System32\KERNEL32.DLL
[1010/190721.474:ERROR:process_memory_win.cc(73)] ReadMemory at 0x7ff9fe8a0000 of 64 bytes failed: Only part of a ReadProcessMemory or WriteProcessMemory request was completed. (0x12B)
[1010/190721.474:WARNING:pe_image_reader.cc(340)] could not read dos header from C:\WINDOWS\System32\KERNELBASE.dll
[1010/190721.474:ERROR:process_memory_win.cc(73)] ReadMemory at 0x7ff9c2240000 of 64 bytes failed: Only part of a ReadProcessMemory or WriteProcessMemory request was completed. (0x12B)
[1010/190721.474:WARNING:pe_image_reader.cc(340)] could not read dos header from C:\Program Files (x86)\Google\Chrome\Application\86.0.4240.75\chrome_elf.dll
[1010/190721.474:ERROR:process_memory_win.cc(73)] ReadMemory at 0x7ff9f19c0000 of 64 bytes failed: Only part of a ReadProcessMemory or WriteProcessMemory request was completed. (0x12B)
[1010/190721.474:WARNING:pe_image_reader.cc(340)] could not read dos header from C:\WINDOWS\SYSTEM32\VERSION.dll
[1010/190721.474:ERROR:process_memory_win.cc(73)] ReadMemory at 0x7ff9ffef0000 of 64 bytes failed: Only part of a ReadProcessMemory or WriteProcessMemory request was completed. (0x12B)
[1010/190721.474:WARNING:pe_image_reader.cc(340)] could not read dos header from C:\WINDOWS\System32\msvcrt.dll
[1010/190721.474:ERROR:process_memory_win.cc(73)] ReadMemory at 0x7ff9fe4e0000 of 64 bytes failed: Only part of a ReadProcessMemory or WriteProcessMemory request was completed. (0x12B)
[1010/190721.474:WARNING:pe_image_reader.cc(340)] could not read dos header from C:\WINDOWS\System32\bcryptPrimitives.dll
[1010/190721.474:ERROR:process_memory_win.cc(73)] ReadMemory at 0x7ff9ff540000 of 64 bytes failed: Only part of a ReadProcessMemory or WriteProcessMemory request was completed. (0x12B)
[1010/190721.474:WARNING:pe_image_reader.cc(340)] could not read dos header from C:\WINDOWS\System32\ADVAPI32.dll
[1010/190721.474:ERROR:process_memory_win.cc(73)] ReadMemory at 0x7ffa00ce0000 of 64 bytes failed: Only part of a ReadProcessMemory or WriteProcessMemory request was completed. (0x12B)
[1010/190721.474:WARNING:pe_image_reader.cc(340)] could not read dos header from C:\WINDOWS\System32\sechost.dll
[1010/190721.474:ERROR:process_memory_win.cc(73)] ReadMemory at 0x7ffa00680000 of 64 bytes failed: Only part of a ReadProcessMemory or WriteProcessMemory request was completed. (0x12B)
[1010/190721.474:WARNING:pe_image_reader.cc(340)] could not read dos header from C:\WINDOWS\System32\RPCRT4.dll
[1010/190721.474:ERROR:process_memory_win.cc(73)] ReadMemory at 0x7ff97fb80000 of 64 bytes failed: Only part of a ReadProcessMemory or WriteProcessMemory request was completed. (0x12B)
[1010/190721.474:WARNING:pe_image_reader.cc(340)] could not read dos header from C:\Program Files (x86)\Google\Chrome\Application\86.0.4240.75\chrome.dll
[1010/190721.474:ERROR:process_memory_win.cc(73)] ReadMemory at 0x7ffa01310000 of 64 bytes failed: Only part of a ReadProcessMemory or WriteProcessMemory request was completed. (0x12B)
[1010/190721.474:WARNING:pe_image_reader.cc(340)] could not read dos header from C:\WINDOWS\System32\WS2_32.dll
[1010/190721.474:ERROR:process_memory_win.cc(73)] ReadMemory at 0x7ffa00c10000 of 64 bytes failed: Only part of a ReadProcessMemory or WriteProcessMemory request was completed. (0x12B)
[1010/190721.474:WARNING:pe_image_reader.cc(340)] could not read dos header from C:\WINDOWS\System32\OLEAUT32.dll
[1010/190721.474:ERROR:process_memory_win.cc(73)] ReadMemory at 0x7ff9fe560000 of 64 bytes failed: Only part of a ReadProcessMemory or WriteProcessMemory request was completed. (0x12B)
[1010/190721.474:WARNING:pe_image_reader.cc(340)] could not read dos header from C:\WINDOWS\System32\msvcp_win.dll
[1010/190721.474:ERROR:process_memory_win.cc(73)] ReadMemory at 0x7ff9fe3e0000 of 64 bytes failed: Only part of a ReadProcessMemory or WriteProcessMemory request was completed. (0x12B)
[1010/190721.474:WARNING:pe_image_reader.cc(340)] could not read dos header from C:\WINDOWS\System32\ucrtbase.dll
[1010/190721.474:ERROR:process_memory_win.cc(73)] ReadMemory at 0x7ff9ff720000 of 64 bytes failed: Only part of a ReadProcessMemory or WriteProcessMemory request was completed. (0x12B)
[1010/190721.474:WARNING:pe_image_reader.cc(340)] could not read dos header from C:\WINDOWS\System32\combase.dll
[1010/190721.474:ERROR:process_memory_win.cc(73)] ReadMemory at 0x7ff9fe380000 of 64 bytes failed: Only part of a ReadProcessMemory or WriteProcessMemory request was completed. (0x12B)
[1010/190721.474:WARNING:pe_image_reader.cc(340)] could not read dos header from C:\WINDOWS\System32\WINTRUST.dll
[1010/190721.474:ERROR:process_memory_win.cc(73)] ReadMemory at 0x7ff9fe330000 of 64 bytes failed: Only part of a ReadProcessMemory or WriteProcessMemory request was completed. (0x12B)
[1010/190721.474:WARNING:pe_image_reader.cc(340)] could not read dos header from C:\WINDOWS\System32\MSASN1.dll
[1010/190721.474:ERROR:process_memory_win.cc(73)] ReadMemory at 0x7ff9ff320000 of 64 bytes failed: Only part of a ReadProcessMemory or WriteProcessMemory request was completed. (0x12B)
[1010/190721.474:WARNING:pe_image_reader.cc(340)] could not read dos header from C:\WINDOWS\System32\CRYPT32.dll
[1010/190721.474:ERROR:process_memory_win.cc(73)] ReadMemory at 0x7ff9fcb40000 of 64 bytes failed: Only part of a ReadProcessMemory or WriteProcessMemory request was completed. (0x12B)
[1010/190721.474:WARNING:pe_image_reader.cc(340)] could not read dos header from C:\WINDOWS\SYSTEM32\dbghelp.dll
[1010/190721.474:ERROR:process_memory_win.cc(73)] ReadMemory at 0x7ff9fd7e0000 of 64 bytes failed: Only part of a ReadProcessMemory or WriteProcessMemory request was completed. (0x12B)
[1010/190721.474:WARNING:pe_image_reader.cc(340)] could not read dos header from C:\WINDOWS\SYSTEM32\IPHLPAPI.DLL
[1010/190721.474:ERROR:process_memory_win.cc(73)] ReadMemory at 0x7ff9fb5c0000 of 64 bytes failed: Only part of a ReadProcessMemory or WriteProcessMemory request was completed. (0x12B)
[1010/190721.474:WARNING:pe_image_reader.cc(340)] could not read dos header from C:\WINDOWS\SYSTEM32\WINMM.dll
[1010/190721.474:ERROR:process_memory_win.cc(73)] ReadMemory at 0x7ff9c59a0000 of 64 bytes failed: Only part of a ReadProcessMemory or WriteProcessMemory request was completed. (0x12B)
[1010/190721.474:WARNING:pe_image_reader.cc(340)] could not read dos header from C:\WINDOWS\SYSTEM32\UIAutomationCore.DLL
[1010/190721.474:ERROR:process_memory_win.cc(73)] ReadMemory at 0x7ff9ea5b0000 of 64 bytes failed: Only part of a ReadProcessMemory or WriteProcessMemory request was completed. (0x12B)
[1010/190721.474:WARNING:pe_image_reader.cc(340)] could not read dos header from C:\WINDOWS\SYSTEM32\Secur32.dll
[1010/190721.474:ERROR:process_memory_win.cc(73)] ReadMemory at 0x7ff9fe160000 of 64 bytes failed: Only part of a ReadProcessMemory or WriteProcessMemory request was completed. (0x12B)
[1010/190721.474:WARNING:pe_image_reader.cc(340)] could not read dos header from C:\WINDOWS\SYSTEM32\USERENV.dll
[1010/190721.474:ERROR:process_memory_win.cc(73)] ReadMemory at 0x7ff9fe300000 of 64 bytes failed: Only part of a ReadProcessMemory or WriteProcessMemory request was completed. (0x12B)
[1010/190721.474:WARNING:pe_image_reader.cc(340)] could not read dos header from C:\WINDOWS\System32\profapi.dll
[1010/190721.474:ERROR:process_memory_win.cc(73)] ReadMemory at 0x7ff9eea80000 of 64 bytes failed: Only part of a ReadProcessMemory or WriteProcessMemory request was completed. (0x12B)
[1010/190721.474:WARNING:pe_image_reader.cc(340)] could not read dos header from C:\WINDOWS\SYSTEM32\DWrite.dll
[1010/190721.474:ERROR:process_memory_win.cc(73)] ReadMemory at 0x7ff9e8d50000 of 64 bytes failed: Only part of a ReadProcessMemory or WriteProcessMemory request was completed. (0x12B)
[1010/190721.474:WARNING:pe_image_reader.cc(340)] could not read dos header from C:\WINDOWS\SYSTEM32\WINSPOOL.DRV
[1010/190721.474:ERROR:process_memory_win.cc(73)] ReadMemory at 0x7ff9fe290000 of 64 bytes failed: Only part of a ReadProcessMemory or WriteProcessMemory request was completed. (0x12B)
[1010/190721.474:WARNING:pe_image_reader.cc(340)] could not read dos header from C:\WINDOWS\System32\kernel.appcore.dll
[1010/190721.474:ERROR:process_memory_win.cc(73)] ReadMemory at 0x7ff9fe6d0000 of 64 bytes failed: Only part of a ReadProcessMemory or WriteProcessMemory request was completed. (0x12B)
[1010/190721.474:WARNING:pe_image_reader.cc(340)] could not read dos header from C:\WINDOWS\System32\bcrypt.dll
[1010/190721.474:ERROR:process_memory_win.cc(73)] ReadMemory at 0x7ff9ec780000 of 64 bytes failed: Only part of a ReadProcessMemory or WriteProcessMemory request was completed. (0x12B)
[1010/190721.474:WARNING:pe_image_reader.cc(340)] could not read dos header from C:\WINDOWS\SYSTEM32\WINHTTP.dll
[1010/190721.474:ERROR:process_memory_win.cc(73)] ReadMemory at 0x7ff9ed810000 of 64 bytes failed: Only part of a ReadProcessMemory or WriteProcessMemory request was completed. (0x12B)
[1010/190721.474:WARNING:pe_image_reader.cc(340)] could not read dos header from C:\WINDOWS\SYSTEM32\dhcpcsvc.DLL
[1010/190721.474:ERROR:process_memory_win.cc(73)] ReadMemory at 0x7ff9ff530000 of 64 bytes failed: Only part of a ReadProcessMemory or WriteProcessMemory request was completed. (0x12B)
[1010/190721.474:WARNING:pe_image_reader.cc(340)] could not read dos header from C:\WINDOWS\System32\NSI.dll
[1010/190721.474:ERROR:process_memory_win.cc(73)] ReadMemory at 0x7ff9fb590000 of 64 bytes failed: Only part of a ReadProcessMemory or WriteProcessMemory request was completed. (0x12B)
[1010/190721.474:WARNING:pe_image_reader.cc(340)] could not read dos header from C:\WINDOWS\SYSTEM32\WINMMBASE.dll
[1010/190721.474:ERROR:process_memory_win.cc(73)] ReadMemory at 0x7ff9feb50000 of 64 bytes failed: Only part of a ReadProcessMemory or WriteProcessMemory request was completed. (0x12B)
[1010/190721.474:WARNING:pe_image_reader.cc(340)] could not read dos header from C:\WINDOWS\System32\cfgmgr32.dll
[1010/190721.474:ERROR:process_memory_win.cc(73)] ReadMemory at 0x7ff9fc920000 of 64 bytes failed: Only part of a ReadProcessMemory or WriteProcessMemory request was completed. (0x12B)
[1010/190721.474:WARNING:pe_image_reader.cc(340)] could not read dos header from C:\WINDOWS\SYSTEM32\PROPSYS.dll
[1010/190721.474:ERROR:process_memory_win.cc(73)] ReadMemory at 0x7ffa00dc0000 of 64 bytes failed: Only part of a ReadProcessMemory or WriteProcessMemory request was completed. (0x12B)
[1010/190721.474:WARNING:pe_image_reader.cc(340)] could not read dos header from C:\WINDOWS\System32\shcore.dll
[1010/190721.474:ERROR:process_memory_win.cc(73)] ReadMemory at 0x7ff9fe190000 of 64 bytes failed: Only part of a ReadProcessMemory or WriteProcessMemory request was completed. (0x12B)
[1010/190721.474:WARNING:pe_image_reader.cc(340)] could not read dos header from C:\WINDOWS\SYSTEM32\SSPICLI.DLL
[1010/190721.474:ERROR:process_memory_win.cc(73)] ReadMemory at 0x7ff9fdca0000 of 64 bytes failed: Only part of a ReadProcessMemory or WriteProcessMemory request was completed. (0x12B)
[1010/190721.474:WARNING:pe_image_reader.cc(340)] could not read dos header from C:\WINDOWS\SYSTEM32\CRYPTBASE.DLL
[1010/190721.775:ERROR:process_memory_win.cc(73)] ReadMemory at 0x7ff620010000 of 64 bytes failed: Only part of a ReadProcessMemory or WriteProcessMemory request was completed. (0x12B)
[1010/190721.775:WARNING:pe_image_reader.cc(340)] could not read dos header from C:\Program Files (x86)\Google\Chrome\Application\chrome.exe
[1010/190721.775:ERROR:process_memory_win.cc(73)] ReadMemory at 0x7ffa013c0000 of 64 bytes failed: Only part of a ReadProcessMemory or WriteProcessMemory request was completed. (0x12B)
[1010/190721.775:WARNING:pe_image_reader.cc(340)] could not read dos header from C:\WINDOWS\SYSTEM32\ntdll.dll
[1010/190721.775:ERROR:process_memory_win.cc(73)] ReadMemory at 0x7ff9ff5f0000 of 64 bytes failed: Only part of a ReadProcessMemory or WriteProcessMemory request was completed. (0x12B)
[1010/190721.775:WARNING:pe_image_reader.cc(340)] could not read dos header from C:\WINDOWS\System32\KERNEL32.DLL
[1010/190721.775:ERROR:process_memory_win.cc(73)] ReadMemory at 0x7ff9fe8a0000 of 64 bytes failed: Only part of a ReadProcessMemory or WriteProcessMemory request was completed. (0x12B)
[1010/190721.775:WARNING:pe_image_reader.cc(340)] could not read dos header from C:\WINDOWS\System32\KERNELBASE.dll
[1010/190721.775:ERROR:process_memory_win.cc(73)] ReadMemory at 0x7ff9c2240000 of 64 bytes failed: Only part of a ReadProcessMemory or WriteProcessMemory request was completed. (0x12B)
[1010/190721.775:WARNING:pe_image_reader.cc(340)] could not read dos header from C:\Program Files (x86)\Google\Chrome\Application\86.0.4240.75\chrome_elf.dll
[1010/190721.775:ERROR:process_memory_win.cc(73)] ReadMemory at 0x7ff9f19c0000 of 64 bytes failed: Only part of a ReadProcessMemory or WriteProcessMemory request was completed. (0x12B)
[1010/190721.775:WARNING:pe_image_reader.cc(340)] could not read dos header from C:\WINDOWS\SYSTEM32\VERSION.dll
[1010/190721.775:ERROR:process_memory_win.cc(73)] ReadMemory at 0x7ff9ffef0000 of 64 bytes failed: Only part of a ReadProcessMemory or WriteProcessMemory request was completed. (0x12B)
[1010/190721.775:WARNING:pe_image_reader.cc(340)] could not read dos header from C:\WINDOWS\System32\msvcrt.dll
[1010/190721.775:ERROR:process_memory_win.cc(73)] ReadMemory at 0x7ff9fe4e0000 of 64 bytes failed: Only part of a ReadProcessMemory or WriteProcessMemory request was completed. (0x12B)
[1010/190721.775:WARNING:pe_image_reader.cc(340)] could not read dos header from C:\WINDOWS\System32\bcryptPrimitives.dll
[1010/190721.775:ERROR:process_memory_win.cc(73)] ReadMemory at 0x7ff9ff540000 of 64 bytes failed: Only part of a ReadProcessMemory or WriteProcessMemory request was completed. (0x12B)
[1010/190721.775:WARNING:pe_image_reader.cc(340)] could not read dos header from C:\WINDOWS\System32\ADVAPI32.dll
[1010/190721.775:ERROR:process_memory_win.cc(73)] ReadMemory at 0x7ffa00ce0000 of 64 bytes failed: Only part of a ReadProcessMemory or WriteProcessMemory request was completed. (0x12B)
[1010/190721.775:WARNING:pe_image_reader.cc(340)] could not read dos header from C:\WINDOWS\System32\sechost.dll
[1010/190721.775:ERROR:process_memory_win.cc(73)] ReadMemory at 0x7ffa00680000 of 64 bytes failed: Only part of a ReadProcessMemory or WriteProcessMemory request was completed. (0x12B)
[1010/190721.775:WARNING:pe_image_reader.cc(340)] could not read dos header from C:\WINDOWS\System32\RPCRT4.dll
[1010/190721.775:ERROR:process_memory_win.cc(73)] ReadMemory at 0x7ff97fb80000 of 64 bytes failed: Only part of a ReadProcessMemory or WriteProcessMemory request was completed. (0x12B)
[1010/190721.775:WARNING:pe_image_reader.cc(340)] could not read dos header from C:\Program Files (x86)\Google\Chrome\Application\86.0.4240.75\chrome.dll
[1010/190721.775:ERROR:process_memory_win.cc(73)] ReadMemory at 0x7ffa01310000 of 64 bytes failed: Only part of a ReadProcessMemory or WriteProcessMemory request was completed. (0x12B)
[1010/190721.775:WARNING:pe_image_reader.cc(340)] could not read dos header from C:\WINDOWS\System32\WS2_32.dll
[1010/190721.775:ERROR:process_memory_win.cc(73)] ReadMemory at 0x7ffa00c10000 of 64 bytes failed: Only part of a ReadProcessMemory or WriteProcessMemory request was completed. (0x12B)
[1010/190721.775:WARNING:pe_image_reader.cc(340)] could not read dos header from C:\WINDOWS\System32\OLEAUT32.dll
[1010/190721.775:ERROR:process_memory_win.cc(73)] ReadMemory at 0x7ff9fe560000 of 64 bytes failed: Only part of a ReadProcessMemory or WriteProcessMemory request was completed. (0x12B)
[1010/190721.775:WARNING:pe_image_reader.cc(340)] could not read dos header from C:\WINDOWS\System32\msvcp_win.dll
[1010/190721.775:ERROR:process_memory_win.cc(73)] ReadMemory at 0x7ff9fe3e0000 of 64 bytes failed: Only part of a ReadProcessMemory or WriteProcessMemory request was completed. (0x12B)
[1010/190721.775:WARNING:pe_image_reader.cc(340)] could not read dos header from C:\WINDOWS\System32\ucrtbase.dll
[1010/190721.775:ERROR:process_memory_win.cc(73)] ReadMemory at 0x7ff9ff720000 of 64 bytes failed: Only part of a ReadProcessMemory or WriteProcessMemory request was completed. (0x12B)
[1010/190721.775:WARNING:pe_image_reader.cc(340)] could not read dos header from C:\WINDOWS\System32\combase.dll
[1010/190721.775:ERROR:process_memory_win.cc(73)] ReadMemory at 0x7ff9fe380000 of 64 bytes failed: Only part of a ReadProcessMemory or WriteProcessMemory request was completed. (0x12B)
[1010/190721.775:WARNING:pe_image_reader.cc(340)] could not read dos header from C:\WINDOWS\System32\WINTRUST.dll
[1010/190721.775:ERROR:process_memory_win.cc(73)] ReadMemory at 0x7ff9fe330000 of 64 bytes failed: Only part of a ReadProcessMemory or WriteProcessMemory request was completed. (0x12B)
[1010/190721.775:WARNING:pe_image_reader.cc(340)] could not read dos header from C:\WINDOWS\System32\MSASN1.dll
[1010/190721.775:ERROR:process_memory_win.cc(73)] ReadMemory at 0x7ff9ff320000 of 64 bytes failed: Only part of a ReadProcessMemory or WriteProcessMemory request was completed. (0x12B)
[1010/190721.775:WARNING:pe_image_reader.cc(340)] could not read dos header from C:\WINDOWS\System32\CRYPT32.dll
[1010/190721.775:ERROR:process_memory_win.cc(73)] ReadMemory at 0x7ff9fcb40000 of 64 bytes failed: Only part of a ReadProcessMemory or WriteProcessMemory request was completed. (0x12B)
[1010/190721.775:WARNING:pe_image_reader.cc(340)] could not read dos header from C:\WINDOWS\SYSTEM32\dbghelp.dll
[1010/190721.775:ERROR:process_memory_win.cc(73)] ReadMemory at 0x7ff9fd7e0000 of 64 bytes failed: Only part of a ReadProcessMemory or WriteProcessMemory request was completed. (0x12B)
[1010/190721.775:WARNING:pe_image_reader.cc(340)] could not read dos header from C:\WINDOWS\SYSTEM32\IPHLPAPI.DLL
[1010/190721.775:ERROR:process_memory_win.cc(73)] ReadMemory at 0x7ff9fb5c0000 of 64 bytes failed: Only part of a ReadProcessMemory or WriteProcessMemory request was completed. (0x12B)
[1010/190721.775:WARNING:pe_image_reader.cc(340)] could not read dos header from C:\WINDOWS\SYSTEM32\WINMM.dll
[1010/190721.775:ERROR:process_memory_win.cc(73)] ReadMemory at 0x7ff9c59a0000 of 64 bytes failed: Only part of a ReadProcessMemory or WriteProcessMemory request was completed. (0x12B)
[1010/190721.775:WARNING:pe_image_reader.cc(340)] could not read dos header from C:\WINDOWS\SYSTEM32\UIAutomationCore.DLL
[1010/190721.775:ERROR:process_memory_win.cc(73)] ReadMemory at 0x7ff9ea5b0000 of 64 bytes failed: Only part of a ReadProcessMemory or WriteProcessMemory request was completed. (0x12B)
[1010/190721.775:WARNING:pe_image_reader.cc(340)] could not read dos header from C:\WINDOWS\SYSTEM32\Secur32.dll
[1010/190721.775:ERROR:process_memory_win.cc(73)] ReadMemory at 0x7ff9fe160000 of 64 bytes failed: Only part of a ReadProcessMemory or WriteProcessMemory request was completed. (0x12B)
[1010/190721.775:WARNING:pe_image_reader.cc(340)] could not read dos header from C:\WINDOWS\SYSTEM32\USERENV.dll
[1010/190721.775:ERROR:process_memory_win.cc(73)] ReadMemory at 0x7ff9fe300000 of 64 bytes failed: Only part of a ReadProcessMemory or WriteProcessMemory request was completed. (0x12B)
[1010/190721.775:WARNING:pe_image_reader.cc(340)] could not read dos header from C:\WINDOWS\System32\profapi.dll
[1010/190721.775:ERROR:process_memory_win.cc(73)] ReadMemory at 0x7ff9eea80000 of 64 bytes failed: Only part of a ReadProcessMemory or WriteProcessMemory request was completed. (0x12B)
[1010/190721.775:WARNING:pe_image_reader.cc(340)] could not read dos header from C:\WINDOWS\SYSTEM32\DWrite.dll
[1010/190721.775:ERROR:process_memory_win.cc(73)] ReadMemory at 0x7ff9e8d50000 of 64 bytes failed: Only part of a ReadProcessMemory or WriteProcessMemory request was completed. (0x12B)
[1010/190721.775:WARNING:pe_image_reader.cc(340)] could not read dos header from C:\WINDOWS\SYSTEM32\WINSPOOL.DRV
[1010/190721.775:ERROR:process_memory_win.cc(73)] ReadMemory at 0x7ff9fe290000 of 64 bytes failed: Only part of a ReadProcessMemory or WriteProcessMemory request was completed. (0x12B)
[1010/190721.775:WARNING:pe_image_reader.cc(340)] could not read dos header from C:\WINDOWS\System32\kernel.appcore.dll
[1010/190721.775:ERROR:process_memory_win.cc(73)] ReadMemory at 0x7ff9fe6d0000 of 64 bytes failed: Only part of a ReadProcessMemory or WriteProcessMemory request was completed. (0x12B)
[1010/190721.775:WARNING:pe_image_reader.cc(340)] could not read dos header from C:\WINDOWS\System32\bcrypt.dll
[1010/190721.775:ERROR:process_memory_win.cc(73)] ReadMemory at 0x7ff9ec780000 of 64 bytes failed: Only part of a ReadProcessMemory or WriteProcessMemory request was completed. (0x12B)
[1010/190721.775:WARNING:pe_image_reader.cc(340)] could not read dos header from C:\WINDOWS\SYSTEM32\WINHTTP.dll
[1010/190721.775:ERROR:process_memory_win.cc(73)] ReadMemory at 0x7ff9ed810000 of 64 bytes failed: Only part of a ReadProcessMemory or WriteProcessMemory request was completed. (0x12B)
[1010/190721.775:WARNING:pe_image_reader.cc(340)] could not read dos header from C:\WINDOWS\SYSTEM32\dhcpcsvc.DLL
[1010/190721.775:ERROR:process_memory_win.cc(73)] ReadMemory at 0x7ff9ff530000 of 64 bytes failed: Only part of a ReadProcessMemory or WriteProcessMemory request was completed. (0x12B)
[1010/190721.791:WARNING:pe_image_reader.cc(340)] could not read dos header from C:\WINDOWS\System32\NSI.dll
[1010/190721.791:ERROR:process_memory_win.cc(73)] ReadMemory at 0x7ff9fb590000 of 64 bytes failed: Only part of a ReadProcessMemory or WriteProcessMemory request was completed. (0x12B)
[1010/190721.791:WARNING:pe_image_reader.cc(340)] could not read dos header from C:\WINDOWS\SYSTEM32\WINMMBASE.dll
[1010/190721.791:ERROR:process_memory_win.cc(73)] ReadMemory at 0x7ff9feb50000 of 64 bytes failed: Only part of a ReadProcessMemory or WriteProcessMemory request was completed. (0x12B)
[1010/190721.791:WARNING:pe_image_reader.cc(340)] could not read dos header from C:\WINDOWS\System32\cfgmgr32.dll
[1010/190721.791:ERROR:process_memory_win.cc(73)] ReadMemory at 0x7ff9fc920000 of 64 bytes failed: Only part of a ReadProcessMemory or WriteProcessMemory request was completed. (0x12B)
[1010/190721.791:WARNING:pe_image_reader.cc(340)] could not read dos header from C:\WINDOWS\SYSTEM32\PROPSYS.dll
[1010/190721.791:ERROR:process_memory_win.cc(73)] ReadMemory at 0x7ffa00dc0000 of 64 bytes failed: Only part of a ReadProcessMemory or WriteProcessMemory request was completed. (0x12B)
[1010/190721.791:WARNING:pe_image_reader.cc(340)] could not read dos header from C:\WINDOWS\System32\shcore.dll
[1010/190721.791:ERROR:process_memory_win.cc(73)] ReadMemory at 0x7ff9fe190000 of 64 bytes failed: Only part of a ReadProcessMemory or WriteProcessMemory request was completed. (0x12B)
[1010/190721.791:WARNING:pe_image_reader.cc(340)] could not read dos header from C:\WINDOWS\SYSTEM32\SSPICLI.DLL
[1010/190721.791:ERROR:process_memory_win.cc(73)] ReadMemory at 0x7ff9fdca0000 of 64 bytes failed: Only part of a ReadProcessMemory or WriteProcessMemory request was completed. (0x12B)
[1010/190721.791:WARNING:pe_image_reader.cc(340)] could not read dos header from C:\WINDOWS\SYSTEM32\CRYPTBASE.DLL
[1010/190721.791:ERROR:process_memory_win.cc(73)] ReadMemory at 0x7ff620010000 of 64 bytes failed: Only part of a ReadProcessMemory or WriteProcessMemory request was completed. (0x12B)
[1010/190721.791:WARNING:pe_image_reader.cc(340)] could not read dos header from C:\Program Files (x86)\Google\Chrome\Application\chrome.exe
[1010/190721.791:ERROR:process_memory_win.cc(73)] ReadMemory at 0x7ffa013c0000 of 64 bytes failed: Only part of a ReadProcessMemory or WriteProcessMemory request was completed. (0x12B)
[1010/190721.791:WARNING:pe_image_reader.cc(340)] could not read dos header from C:\WINDOWS\SYSTEM32\ntdll.dll
[1010/190721.791:ERROR:process_memory_win.cc(73)] ReadMemory at 0x7ff9ff5f0000 of 64 bytes failed: Only part of a ReadProcessMemory or WriteProcessMemory request was completed. (0x12B)
[1010/190721.791:WARNING:pe_image_reader.cc(340)] could not read dos header from C:\WINDOWS\System32\KERNEL32.DLL
[1010/190721.791:ERROR:process_memory_win.cc(73)] ReadMemory at 0x7ff9fe8a0000 of 64 bytes failed: Only part of a ReadProcessMemory or WriteProcessMemory request was completed. (0x12B)
[1010/190721.791:WARNING:pe_image_reader.cc(340)] could not read dos header from C:\WINDOWS\System32\KERNELBASE.dll
[1010/190721.791:ERROR:process_memory_win.cc(73)] ReadMemory at 0x7ff9c2240000 of 64 bytes failed: Only part of a ReadProcessMemory or WriteProcessMemory request was completed. (0x12B)
[1010/190721.791:WARNING:pe_image_reader.cc(340)] could not read dos header from C:\Program Files (x86)\Google\Chrome\Application\86.0.4240.75\chrome_elf.dll
[1010/190721.791:ERROR:process_memory_win.cc(73)] ReadMemory at 0x7ff9f19c0000 of 64 bytes failed: Only part of a ReadProcessMemory or WriteProcessMemory request was completed. (0x12B)
[1010/190721.791:WARNING:pe_image_reader.cc(340)] could not read dos header from C:\WINDOWS\SYSTEM32\VERSION.dll
[1010/190721.791:ERROR:process_memory_win.cc(73)] ReadMemory at 0x7ff9ffef0000 of 64 bytes failed: Only part of a ReadProcessMemory or WriteProcessMemory request was completed. (0x12B)
[1010/190721.791:WARNING:pe_image_reader.cc(340)] could not read dos header from C:\WINDOWS\System32\msvcrt.dll
[1010/190721.791:ERROR:process_memory_win.cc(73)] ReadMemory at 0x7ff9fe4e0000 of 64 bytes failed: Only part of a ReadProcessMemory or WriteProcessMemory request was completed. (0x12B)
[1010/190721.791:WARNING:pe_image_reader.cc(340)] could not read dos header from C:\WINDOWS\System32\bcryptPrimitives.dll
[1010/190721.791:ERROR:process_memory_win.cc(73)] ReadMemory at 0x7ff9ff540000 of 64 bytes failed: Only part of a ReadProcessMemory or WriteProcessMemory request was completed. (0x12B)
[1010/190721.791:WARNING:pe_image_reader.cc(340)] could not read dos header from C:\WINDOWS\System32\ADVAPI32.dll
[1010/190721.791:ERROR:process_memory_win.cc(73)] ReadMemory at 0x7ffa00ce0000 of 64 bytes failed: Only part of a ReadProcessMemory or WriteProcessMemory request was completed. (0x12B)
[1010/190721.791:WARNING:pe_image_reader.cc(340)] could not read dos header from C:\WINDOWS\System32\sechost.dll
[1010/190721.791:ERROR:process_memory_win.cc(73)] ReadMemory at 0x7ffa00680000 of 64 bytes failed: Only part of a ReadProcessMemory or WriteProcessMemory request was completed. (0x12B)
[1010/190721.791:WARNING:pe_image_reader.cc(340)] could not read dos header from C:\WINDOWS\System32\RPCRT4.dll
[1010/190721.791:ERROR:process_memory_win.cc(73)] ReadMemory at 0x7ff97fb80000 of 64 bytes failed: Only part of a ReadProcessMemory or WriteProcessMemory request was completed. (0x12B)
[1010/190721.791:WARNING:pe_image_reader.cc(340)] could not read dos header from C:\Program Files (x86)\Google\Chrome\Application\86.0.4240.75\chrome.dll
[1010/190721.791:ERROR:process_memory_win.cc(73)] ReadMemory at 0x7ffa01310000 of 64 bytes failed: Only part of a ReadProcessMemory or WriteProcessMemory request was completed. (0x12B)
[1010/190721.791:WARNING:pe_image_reader.cc(340)] could not read dos header from C:\WINDOWS\System32\WS2_32.dll
[1010/190721.791:ERROR:process_memory_win.cc(73)] ReadMemory at 0x7ffa00c10000 of 64 bytes failed: Only part of a ReadProcessMemory or WriteProcessMemory request was completed. (0x12B)
[1010/190721.791:WARNING:pe_image_reader.cc(340)] could not read dos header from C:\WINDOWS\System32\OLEAUT32.dll
[1010/190721.791:ERROR:process_memory_win.cc(73)] ReadMemory at 0x7ff9fe560000 of 64 bytes failed: Only part of a ReadProcessMemory or WriteProcessMemory request was completed. (0x12B)
[1010/190721.791:WARNING:pe_image_reader.cc(340)] could not read dos header from C:\WINDOWS\System32\msvcp_win.dll
[1010/190721.791:ERROR:process_memory_win.cc(73)] ReadMemory at 0x7ff9fe3e0000 of 64 bytes failed: Only part of a ReadProcessMemory or WriteProcessMemory request was completed. (0x12B)
[1010/190721.791:WARNING:pe_image_reader.cc(340)] could not read dos header from C:\WINDOWS\System32\ucrtbase.dll
[1010/190721.791:ERROR:process_memory_win.cc(73)] ReadMemory at 0x7ff9ff720000 of 64 bytes failed: Only part of a ReadProcessMemory or WriteProcessMemory request was completed. (0x12B)
[1010/190721.791:WARNING:pe_image_reader.cc(340)] could not read dos header from C:\WINDOWS\System32\combase.dll
[1010/190721.791:ERROR:process_memory_win.cc(73)] ReadMemory at 0x7ff9fe380000 of 64 bytes failed: Only part of a ReadProcessMemory or WriteProcessMemory request was completed. (0x12B)
[1010/190721.791:WARNING:pe_image_reader.cc(340)] could not read dos header from C:\WINDOWS\System32\WINTRUST.dll
[1010/190721.791:ERROR:process_memory_win.cc(73)] ReadMemory at 0x7ff9fe330000 of 64 bytes failed: Only part of a ReadProcessMemory or WriteProcessMemory request was completed. (0x12B)
[1010/190721.791:WARNING:pe_image_reader.cc(340)] could not read dos header from C:\WINDOWS\System32\MSASN1.dll
[1010/190721.791:ERROR:process_memory_win.cc(73)] ReadMemory at 0x7ff9ff320000 of 64 bytes failed: Only part of a ReadProcessMemory or WriteProcessMemory request was completed. (0x12B)
[1010/190721.791:WARNING:pe_image_reader.cc(340)] could not read dos header from C:\WINDOWS\System32\CRYPT32.dll
[1010/190721.791:ERROR:process_memory_win.cc(73)] ReadMemory at 0x7ff9fcb40000 of 64 bytes failed: Only part of a ReadProcessMemory or WriteProcessMemory request was completed. (0x12B)
[1010/190721.791:WARNING:pe_image_reader.cc(340)] could not read dos header from C:\WINDOWS\SYSTEM32\dbghelp.dll
[1010/190721.791:ERROR:process_memory_win.cc(73)] ReadMemory at 0x7ff9fd7e0000 of 64 bytes failed: Only part of a ReadProcessMemory or WriteProcessMemory request was completed. (0x12B)
[1010/190721.791:WARNING:pe_image_reader.cc(340)] could not read dos header from C:\WINDOWS\SYSTEM32\IPHLPAPI.DLL
[1010/190721.791:ERROR:process_memory_win.cc(73)] ReadMemory at 0x7ff9fb5c0000 of 64 bytes failed: Only part of a ReadProcessMemory or WriteProcessMemory request was completed. (0x12B)
[1010/190721.791:WARNING:pe_image_reader.cc(340)] could not read dos header from C:\WINDOWS\SYSTEM32\WINMM.dll
[1010/190721.791:ERROR:process_memory_win.cc(73)] ReadMemory at 0x7ff9c59a0000 of 64 bytes failed: Only part of a ReadProcessMemory or WriteProcessMemory request was completed. (0x12B)
[1010/190721.791:WARNING:pe_image_reader.cc(340)] could not read dos header from C:\WINDOWS\SYSTEM32\UIAutomationCore.DLL
[1010/190721.791:ERROR:process_memory_win.cc(73)] ReadMemory at 0x7ff9ea5b0000 of 64 bytes failed: Only part of a ReadProcessMemory or WriteProcessMemory request was completed. (0x12B)
[1010/190721.791:WARNING:pe_image_reader.cc(340)] could not read dos header from C:\WINDOWS\SYSTEM32\Secur32.dll
[1010/190721.791:ERROR:process_memory_win.cc(73)] ReadMemory at 0x7ff9fe160000 of 64 bytes failed: Only part of a ReadProcessMemory or WriteProcessMemory request was completed. (0x12B)
[1010/190721.791:WARNING:pe_image_reader.cc(340)] could not read dos header from C:\WINDOWS\SYSTEM32\USERENV.dll
[1010/190721.791:ERROR:process_memory_win.cc(73)] ReadMemory at 0x7ff9fe300000 of 64 bytes failed: Only part of a ReadProcessMemory or WriteProcessMemory request was completed. (0x12B)
[1010/190721.791:WARNING:pe_image_reader.cc(340)] could not read dos header from C:\WINDOWS\System32\profapi.dll
[1010/190721.791:ERROR:process_memory_win.cc(73)] ReadMemory at 0x7ff9eea80000 of 64 bytes failed: Only part of a ReadProcessMemory or WriteProcessMemory request was completed. (0x12B)
[1010/190721.791:WARNING:pe_image_reader.cc(340)] could not read dos header from C:\WINDOWS\SYSTEM32\DWrite.dll
[1010/190721.791:ERROR:process_memory_win.cc(73)] ReadMemory at 0x7ff9e8d50000 of 64 bytes failed: Only part of a ReadProcessMemory or WriteProcessMemory request was completed. (0x12B)
[1010/190721.791:WARNING:pe_image_reader.cc(340)] could not read dos header from C:\WINDOWS\SYSTEM32\WINSPOOL.DRV
[1010/190721.791:ERROR:process_memory_win.cc(73)] ReadMemory at 0x7ff9fe290000 of 64 bytes failed: Only part of a ReadProcessMemory or WriteProcessMemory request was completed. (0x12B)
[1010/190721.791:WARNING:pe_image_reader.cc(340)] could not read dos header from C:\WINDOWS\System32\kernel.appcore.dll
[1010/190721.791:ERROR:process_memory_win.cc(73)] ReadMemory at 0x7ff9fe6d0000 of 64 bytes failed: Only part of a ReadProcessMemory or WriteProcessMemory request was completed. (0x12B)
[1010/190721.791:WARNING:pe_image_reader.cc(340)] could not read dos header from C:\WINDOWS\System32\bcrypt.dll
[1010/190721.791:ERROR:process_memory_win.cc(73)] ReadMemory at 0x7ff9ec780000 of 64 bytes failed: Only part of a ReadProcessMemory or WriteProcessMemory request was completed. (0x12B)
[1010/190721.791:WARNING:pe_image_reader.cc(340)] could not read dos header from C:\WINDOWS\SYSTEM32\WINHTTP.dll
[1010/190721.791:ERROR:process_memory_win.cc(73)] ReadMemory at 0x7ff9ed810000 of 64 bytes failed: Only part of a ReadProcessMemory or WriteProcessMemory request was completed. (0x12B)
[1010/190721.791:WARNING:pe_image_reader.cc(340)] could not read dos header from C:\WINDOWS\SYSTEM32\dhcpcsvc.DLL
[1010/190721.791:ERROR:process_memory_win.cc(73)] ReadMemory at 0x7ff9ff530000 of 64 bytes failed: Only part of a ReadProcessMemory or WriteProcessMemory request was completed. (0x12B)
[1010/190721.791:WARNING:pe_image_reader.cc(340)] could not read dos header from C:\WINDOWS\System32\NSI.dll
[1010/190721.791:ERROR:process_memory_win.cc(73)] ReadMemory at 0x7ff9fb590000 of 64 bytes failed: Only part of a ReadProcessMemory or WriteProcessMemory request was completed. (0x12B)
[1010/190721.791:WARNING:pe_image_reader.cc(340)] could not read dos header from C:\WINDOWS\SYSTEM32\WINMMBASE.dll
[1010/190721.791:ERROR:process_memory_win.cc(73)] ReadMemory at 0x7ff9feb50000 of 64 bytes failed: Only part of a ReadProcessMemory or WriteProcessMemory request was completed. (0x12B)
[1010/190721.791:WARNING:pe_image_reader.cc(340)] could not read dos header from C:\WINDOWS\System32\cfgmgr32.dll
[1010/190721.791:ERROR:process_memory_win.cc(73)] ReadMemory at 0x7ff9fc920000 of 64 bytes failed: Only part of a ReadProcessMemory or WriteProcessMemory request was completed. (0x12B)
[1010/190721.791:WARNING:pe_image_reader.cc(340)] could not read dos header from C:\WINDOWS\SYSTEM32\PROPSYS.dll
[1010/190721.791:ERROR:process_memory_win.cc(73)] ReadMemory at 0x7ffa00dc0000 of 64 bytes failed: Only part of a ReadProcessMemory or WriteProcessMemory request was completed. (0x12B)
[1010/190721.791:WARNING:pe_image_reader.cc(340)] could not read dos header from C:\WINDOWS\System32\shcore.dll
[1010/190721.791:ERROR:process_memory_win.cc(73)] ReadMemory at 0x7ff9fe190000 of 64 bytes failed: Only part of a ReadProcessMemory or WriteProcessMemory request was completed. (0x12B)
[1010/190721.791:WARNING:pe_image_reader.cc(340)] could not read dos header from C:\WINDOWS\SYSTEM32\SSPICLI.DLL
[1010/190721.791:ERROR:process_memory_win.cc(73)] ReadMemory at 0x7ff9fdca0000 of 64 bytes failed: Only part of a ReadProcessMemory or WriteProcessMemory request was completed. (0x12B)
[1010/190721.791:WARNING:pe_image_reader.cc(340)] could not read dos header from C:\WINDOWS\SYSTEM32\CRYPTBASE.DLL
[1010/190721.928:ERROR:process_memory_win.cc(73)] ReadMemory at 0xcd899fa000 of 24576 bytes failed: Only part of a ReadProcessMemory or WriteProcessMemory request was completed. (0x12B)
[1010/190721.928:ERROR:process_memory_win.cc(73)] ReadMemory at 0xcd8a1fe000 of 8192 bytes failed: Only part of a ReadProcessMemory or WriteProcessMemory request was completed. (0x12B)
[1010/190721.928:ERROR:process_memory_win.cc(73)] ReadMemory at 0xcd8a9fe000 of 8192 bytes failed: Only part of a ReadProcessMemory or WriteProcessMemory request was completed. (0x12B)
[1010/190721.928:ERROR:process_memory_win.cc(73)] ReadMemory at 0xcd8b1fe000 of 8192 bytes failed: Only part of a ReadProcessMemory or WriteProcessMemory request was completed. (0x12B)
[1010/190721.928:ERROR:process_memory_win.cc(73)] ReadMemory at 0xcd8c1fd000 of 12288 bytes failed: Only part of a ReadProcessMemory or WriteProcessMemory request was completed. (0x12B)
[1010/190721.928:ERROR:process_memory_win.cc(73)] ReadMemory at 0xcd8c9fe000 of 8192 bytes failed: Only part of a ReadProcessMemory or WriteProcessMemory request was completed. (0x12B)
[1010/190721.928:ERROR:process_memory_win.cc(73)] ReadMemory at 0xcd8d1fe000 of 8192 bytes failed: Only part of a ReadProcessMemory or WriteProcessMemory request was completed. (0x12B)
[1010/190721.928:ERROR:process_memory_win.cc(73)] ReadMemory at 0xcd8d9fe000 of 8192 bytes failed: Only part of a ReadProcessMemory or WriteProcessMemory request was completed. (0x12B)
[1010/190721.928:ERROR:process_memory_win.cc(73)] ReadMemory at 0xcd8e1fe000 of 8192 bytes failed: Only part of a ReadProcessMemory or WriteProcessMemory request was completed. (0x12B)
[1010/190721.928:ERROR:process_memory_win.cc(73)] ReadMemory at 0xcd8e9fe000 of 8192 bytes failed: Only part of a ReadProcessMemory or WriteProcessMemory request was completed. (0x12B)
[1010/190721.928:ERROR:process_memory_win.cc(73)] ReadMemory at 0xcd8f1fe000 of 8192 bytes failed: Only part of a ReadProcessMemory or WriteProcessMemory request was completed. (0x12B)
[1010/190721.928:ERROR:process_memory_win.cc(73)] ReadMemory at 0xcd8f9fe000 of 8192 bytes failed: Only part of a ReadProcessMemory or WriteProcessMemory request was completed. (0x12B)
[1010/190721.928:ERROR:process_memory_win.cc(73)] ReadMemory at 0xcd8b9ff000 of 4096 bytes failed: Only part of a ReadProcessMemory or WriteProcessMemory request was completed. (0x12B)
[1010/190722.276:ERROR:process_memory_win.cc(73)] ReadMemory at 0xcd89031000 of 852 bytes failed: Only part of a ReadProcessMemory or WriteProcessMemory request was completed. (0x12B)
[1010/190722.614:ERROR:process_memory_win.cc(73)] ReadMemory at 0xcd89032000 of 6024 bytes failed: Only part of a ReadProcessMemory or WriteProcessMemory request was completed. (0x12B)
[1010/190722.614:ERROR:process_memory_win.cc(73)] ReadMemory at 0xcd89034000 of 6024 bytes failed: Only part of a ReadProcessMemory or WriteProcessMemory request was completed. (0x12B)
[1010/190722.614:ERROR:process_memory_win.cc(73)] ReadMemory at 0xcd89036000 of 6024 bytes failed: Only part of a ReadProcessMemory or WriteProcessMemory request was completed. (0x12B)
[1010/190722.614:ERROR:process_memory_win.cc(73)] ReadMemory at 0xcd89038000 of 6024 bytes failed: Only part of a ReadProcessMemory or WriteProcessMemory request was completed. (0x12B)
[1010/190722.614:ERROR:process_memory_win.cc(73)] ReadMemory at 0xcd8903c000 of 6024 bytes failed: Only part of a ReadProcessMemory or WriteProcessMemory request was completed. (0x12B)
[1010/190722.614:ERROR:process_memory_win.cc(73)] ReadMemory at 0xcd8903e000 of 6024 bytes failed: Only part of a ReadProcessMemory or WriteProcessMemory request was completed. (0x12B)
[1010/190722.614:ERROR:process_memory_win.cc(73)] ReadMemory at 0xcd89040000 of 6024 bytes failed: Only part of a ReadProcessMemory or WriteProcessMemory request was completed. (0x12B)
[1010/190722.614:ERROR:process_memory_win.cc(73)] ReadMemory at 0xcd89042000 of 6024 bytes failed: Only part of a ReadProcessMemory or WriteProcessMemory request was completed. (0x12B)
[1010/190722.614:ERROR:process_memory_win.cc(73)] ReadMemory at 0xcd89044000 of 6024 bytes failed: Only part of a ReadProcessMemory or WriteProcessMemory request was completed. (0x12B)
[1010/190722.614:ERROR:process_memory_win.cc(73)] ReadMemory at 0xcd89046000 of 6024 bytes failed: Only part of a ReadProcessMemory or WriteProcessMemory request was completed. (0x12B)
[1010/190722.614:ERROR:process_memory_win.cc(73)] ReadMemory at 0xcd89048000 of 6024 bytes failed: Only part of a ReadProcessMemory or WriteProcessMemory request was completed. (0x12B)
[1010/190722.614:ERROR:process_memory_win.cc(73)] ReadMemory at 0xcd8904a000 of 6024 bytes failed: Only part of a ReadProcessMemory or WriteProcessMemory request was completed. (0x12B)
[1010/190722.614:ERROR:process_memory_win.cc(73)] ReadMemory at 0xcd8904c000 of 6024 bytes failed: Only part of a ReadProcessMemory or WriteProcessMemory request was completed. (0x12B)
[1010/190722.614:ERROR:process_memory_win.cc(73)] ReadMemory at 0x22e1a070ca0 of 512 bytes failed: Only part of a ReadProcessMemory or WriteProcessMemory request was completed. (0x12B)
[1010/190722.614:ERROR:process_memory_win.cc(73)] ReadMemory at 0x22e1a070ee0 of 512 bytes failed: Only part of a ReadProcessMemory or WriteProcessMemory request was completed. (0x12B)
[1010/190722.614:ERROR:process_memory_win.cc(73)] ReadMemory at 0x22e1a130fe0 of 7696 bytes failed: Only part of a ReadProcessMemory or WriteProcessMemory request was completed. (0x12B)
[1010/190722.614:ERROR:process_memory_win.cc(73)] ReadMemory at 0x22e1a132e00 of 1012 bytes failed: Only part of a ReadProcessMemory or WriteProcessMemory request was completed. (0x12B)
[1010/190722.614:ERROR:process_memory_win.cc(73)] ReadMemory at 0x22e1a133448 of 118 bytes failed: Only part of a ReadProcessMemory or WriteProcessMemory request was completed. (0x12B)
[1010/190722.614:ERROR:process_memory_win.cc(73)] ReadMemory at 0x22e1a1334c0 of 1158 bytes failed: Only part of a ReadProcessMemory or WriteProcessMemory request was completed. (0x12B)
[1010/190722.614:ERROR:process_memory_win.cc(73)] ReadMemory at 0x22e1a133948 of 118 bytes failed: Only part of a ReadProcessMemory or WriteProcessMemory request was completed. (0x12B)
[1010/190722.614:ERROR:process_memory_win.cc(73)] ReadMemory at 0x22e1a1339c0 of 96 bytes failed: Only part of a ReadProcessMemory or WriteProcessMemory request was completed. (0x12B)
[1010/190722.614:ERROR:process_memory_win.cc(73)] ReadMemory at 0x22e1a133a30 of 58 bytes failed: Only part of a ReadProcessMemory or WriteProcessMemory request was completed. (0x12B)
[1010/190722.614:ERROR:process_memory_win.cc(73)] ReadMemory at 0x22e1a133b30 of 132 bytes failed: Only part of a ReadProcessMemory or WriteProcessMemory request was completed. (0x12B)
[1010/190722.793:ERROR:process_memory_win.cc(73)] ReadMemory at 0x22e1a133cc0 of 132 bytes failed: Only part of a ReadProcessMemory or WriteProcessMemory request was completed. (0x12B)
[1010/190722.793:ERROR:process_memory_win.cc(73)] ReadMemory at 0x22e1a133e80 of 124 bytes failed: Only part of a ReadProcessMemory or WriteProcessMemory request was completed. (0x12B)
[1010/190722.793:ERROR:process_memory_win.cc(73)] ReadMemory at 0x22e1a134380 of 132 bytes failed: Only part of a ReadProcessMemory or WriteProcessMemory request was completed. (0x12B)
[1010/190722.793:ERROR:process_memory_win.cc(73)] ReadMemory at 0x22e1a134510 of 64 bytes failed: Only part of a ReadProcessMemory or WriteProcessMemory request was completed. (0x12B)
[1010/190722.793:ERROR:process_memory_win.cc(73)] ReadMemory at 0x22e1a1346d0 of 132 bytes failed: Only part of a ReadProcessMemory or WriteProcessMemory request was completed. (0x12B)
[1010/190722.793:ERROR:process_memory_win.cc(73)] ReadMemory at 0x22e1a134970 of 132 bytes failed: Only part of a ReadProcessMemory or WriteProcessMemory request was completed. (0x12B)
[1010/190722.793:ERROR:process_memory_win.cc(73)] ReadMemory at 0x22e1a134b00 of 68 bytes failed: Only part of a ReadProcessMemory or WriteProcessMemory request was completed. (0x12B)
[1010/190722.793:ERROR:process_memory_win.cc(73)] ReadMemory at 0x22e1a135c90 of 132 bytes failed: Only part of a ReadProcessMemory or WriteProcessMemory request was completed. (0x12B)
[1010/190722.793:ERROR:process_memory_win.cc(73)] ReadMemory at 0x22e1a135e20 of 152 bytes failed: Only part of a ReadProcessMemory or WriteProcessMemory request was completed. (0x12B)
[1010/190722.793:ERROR:process_memory_win.cc(73)] ReadMemory at 0x22e1a136bf0 of 132 bytes failed: Only part of a ReadProcessMemory or WriteProcessMemory request was completed. (0x12B)
[1010/190722.793:ERROR:process_memory_win.cc(73)] ReadMemory at 0x22e1a137ec0 of 60 bytes failed: Only part of a ReadProcessMemory or WriteProcessMemory request was completed. (0x12B)
[1010/190722.793:ERROR:process_memory_win.cc(73)] ReadMemory at 0x22e1a137f10 of 62 bytes failed: Only part of a ReadProcessMemory or WriteProcessMemory request was completed. (0x12B)
[1010/190722.793:ERROR:process_memory_win.cc(73)] ReadMemory at 0x22e1a13c950 of 80 bytes failed: Only part of a ReadProcessMemory or WriteProcessMemory request was completed. (0x12B)
[1010/190722.793:ERROR:process_memory_win.cc(73)] ReadMemory at 0x22e1a145530 of 132 bytes failed: Only part of a ReadProcessMemory or WriteProcessMemory request was completed. (0x12B)
[1010/190723.480:ERROR:process_memory_win.cc(73)] ReadMemory at 0x22e1a145660 of 144 bytes failed: Only part of a ReadProcessMemory or WriteProcessMemory request was completed. (0x12B)
[1010/190723.496:ERROR:process_memory_win.cc(73)] ReadMemory at 0x22e1a1458c0 of 132 bytes failed: Only part of a ReadProcessMemory or WriteProcessMemory request was completed. (0x12B)
[1010/190723.496:ERROR:process_memory_win.cc(73)] ReadMemory at 0x22e1a145b70 of 132 bytes failed: Only part of a ReadProcessMemory or WriteProcessMemory request was completed. (0x12B)
[1010/190723.496:ERROR:process_memory_win.cc(73)] ReadMemory at 0x22e1a147f90 of 132 bytes failed: Only part of a ReadProcessMemory or WriteProcessMemory request was completed. (0x12B)
[1010/190723.496:ERROR:process_memory_win.cc(73)] ReadMemory at 0x22e1a1480c0 of 132 bytes failed: Only part of a ReadProcessMemory or WriteProcessMemory request was completed. (0x12B)
[1010/190723.496:ERROR:process_memory_win.cc(73)] ReadMemory at 0x22e1a1481f0 of 132 bytes failed: Only part of a ReadProcessMemory or WriteProcessMemory request was completed. (0x12B)
[1010/190723.496:ERROR:process_memory_win.cc(73)] ReadMemory at 0x22e1a148320 of 132 bytes failed: Only part of a ReadProcessMemory or WriteProcessMemory request was completed. (0x12B)
[1010/190723.496:ERROR:process_memory_win.cc(73)] ReadMemory at 0x22e1a148450 of 132 bytes failed: Only part of a ReadProcessMemory or WriteProcessMemory request was completed. (0x12B)
[1010/190723.496:ERROR:process_memory_win.cc(73)] ReadMemory at 0x22e1a148580 of 132 bytes failed: Only part of a ReadProcessMemory or WriteProcessMemory request was completed. (0x12B)
[1010/190723.496:ERROR:process_memory_win.cc(73)] ReadMemory at 0x22e1a1487e0 of 132 bytes failed: Only part of a ReadProcessMemory or WriteProcessMemory request was completed. (0x12B)
[1010/190723.496:ERROR:process_memory_win.cc(73)] ReadMemory at 0x22e1a148910 of 132 bytes failed: Only part of a ReadProcessMemory or WriteProcessMemory request was completed. (0x12B)
[1010/190723.496:ERROR:process_memory_win.cc(73)] ReadMemory at 0x22e1a148a40 of 132 bytes failed: Only part of a ReadProcessMemory or WriteProcessMemory request was completed. (0x12B)
[1010/190723.496:ERROR:process_memory_win.cc(73)] ReadMemory at 0x22e1a148b70 of 132 bytes failed: Only part of a ReadProcessMemory or WriteProcessMemory request was completed. (0x12B)
[1010/190723.496:ERROR:process_memory_win.cc(73)] ReadMemory at 0x22e1a148ca0 of 132 bytes failed: Only part of a ReadProcessMemory or WriteProcessMemory request was completed. (0x12B)
[1010/190723.496:ERROR:process_memory_win.cc(73)] ReadMemory at 0x22e1a148dd0 of 132 bytes failed: Only part of a ReadProcessMemory or WriteProcessMemory request was completed. (0x12B)
[1010/190723.496:ERROR:process_memory_win.cc(73)] ReadMemory at 0x22e1a1496d0 of 62 bytes failed: Only part of a ReadProcessMemory or WriteProcessMemory request was completed. (0x12B)
[1010/190723.496:ERROR:process_memory_win.cc(73)] ReadMemory at 0x22e1a149720 of 58 bytes failed: Only part of a ReadProcessMemory or WriteProcessMemory request was completed. (0x12B)
[1010/190723.496:ERROR:process_memory_win.cc(73)] ReadMemory at 0x22e1a149770 of 62 bytes failed: Only part of a ReadProcessMemory or WriteProcessMemory request was completed. (0x12B)
[1010/190723.496:ERROR:process_memory_win.cc(73)] ReadMemory at 0x22e1a1497c0 of 64 bytes failed: Only part of a ReadProcessMemory or WriteProcessMemory request was completed. (0x12B)
[1010/190723.866:ERROR:process_memory_win.cc(73)] ReadMemory at 0x22e1a149860 of 62 bytes failed: Only part of a ReadProcessMemory or WriteProcessMemory request was completed. (0x12B)
[1010/190723.866:ERROR:process_memory_win.cc(73)] ReadMemory at 0x22e1a1498b0 of 62 bytes failed: Only part of a ReadProcessMemory or WriteProcessMemory request was completed. (0x12B)
[1010/190723.866:ERROR:process_memory_win.cc(73)] ReadMemory at 0x22e1a149900 of 62 bytes failed: Only part of a ReadProcessMemory or WriteProcessMemory request was completed. (0x12B)
[1010/190723.866:ERROR:process_memory_win.cc(73)] ReadMemory at 0x22e1a1499a0 of 60 bytes failed: Only part of a ReadProcessMemory or WriteProcessMemory request was completed. (0x12B)
[1010/190723.866:ERROR:process_memory_win.cc(73)] ReadMemory at 0x22e1a1499f0 of 64 bytes failed: Only part of a ReadProcessMemory or WriteProcessMemory request was completed. (0x12B)
[1010/190724.019:ERROR:process_memory_win.cc(73)] ReadMemory at 0x22e1a149a90 of 64 bytes failed: Only part of a ReadProcessMemory or WriteProcessMemory request was completed. (0x12B)
[1010/190724.019:ERROR:process_memory_win.cc(73)] ReadMemory at 0x22e1a149cc0 of 66 bytes failed: Only part of a ReadProcessMemory or WriteProcessMemory request was completed. (0x12B)
[1010/190724.019:ERROR:process_memory_win.cc(73)] ReadMemory at 0x22e1a149d60 of 60 bytes failed: Only part of a ReadProcessMemory or WriteProcessMemory request was completed. (0x12B)
[1010/190724.019:ERROR:process_memory_win.cc(73)] ReadMemory at 0x22e1a149db0 of 64 bytes failed: Only part of a ReadProcessMemory or WriteProcessMemory request was completed. (0x12B)
[1010/190724.019:ERROR:process_memory_win.cc(73)] ReadMemory at 0x22e1a149e00 of 64 bytes failed: Only part of a ReadProcessMemory or WriteProcessMemory request was completed. (0x12B)
[1010/190724.019:ERROR:process_memory_win.cc(73)] ReadMemory at 0x22e1a149ea0 of 62 bytes failed: Only part of a ReadProcessMemory or WriteProcessMemory request was completed. (0x12B)
[1010/190724.019:ERROR:process_memory_win.cc(73)] ReadMemory at 0x22e1a149fe0 of 64 bytes failed: Only part of a ReadProcessMemory or WriteProcessMemory request was completed. (0x12B)
[1010/190724.019:ERROR:process_memory_win.cc(73)] ReadMemory at 0x22e1a14a080 of 64 bytes failed: Only part of a ReadProcessMemory or WriteProcessMemory request was completed. (0x12B)
[1010/190724.019:ERROR:process_memory_win.cc(73)] ReadMemory at 0x22e1a14a0d0 of 64 bytes failed: Only part of a ReadProcessMemory or WriteProcessMemory request was completed. (0x12B)
[1010/190724.019:ERROR:process_memory_win.cc(73)] ReadMemory at 0x22e1a14a170 of 62 bytes failed: Only part of a ReadProcessMemory or WriteProcessMemory request was completed. (0x12B)
[1010/190724.019:ERROR:process_memory_win.cc(73)] ReadMemory at 0x22e1a14a1c0 of 60 bytes failed: Only part of a ReadProcessMemory or WriteProcessMemory request was completed. (0x12B)
[1010/190724.019:ERROR:process_memory_win.cc(73)] ReadMemory at 0x22e1a14a260 of 62 bytes failed: Only part of a ReadProcessMemory or WriteProcessMemory request was completed. (0x12B)
[1010/190724.821:ERROR:process_memory_win.cc(73)] ReadMemory at 0x22e1a14a2b0 of 62 bytes failed: Only part of a ReadProcessMemory or WriteProcessMemory request was completed. (0x12B)
[1010/190724.837:ERROR:process_memory_win.cc(73)] ReadMemory at 0x22e1a14a300 of 60 bytes failed: Only part of a ReadProcessMemory or WriteProcessMemory request was completed. (0x12B)
[1010/190727.605:ERROR:process_memory_win.cc(73)] ReadMemory at 0x22e1a14a3f0 of 60 bytes failed: Only part of a ReadProcessMemory or WriteProcessMemory request was completed. (0x12B)
[1010/190727.605:ERROR:process_memory_win.cc(73)] ReadMemory at 0x22e1a14a4e0 of 62 bytes failed: Only part of a ReadProcessMemory or WriteProcessMemory request was completed. (0x12B)
[1010/190727.605:ERROR:process_memory_win.cc(73)] ReadMemory at 0x22e1a14a530 of 60 bytes failed: Only part of a ReadProcessMemory or WriteProcessMemory request was completed. (0x12B)
[1010/190728.128:ERROR:process_memory_win.cc(73)] ReadMemory at 0x22e1a14a5d0 of 66 bytes failed: Only part of a ReadProcessMemory or WriteProcessMemory request was completed. (0x12B)
[1010/190728.128:ERROR:process_memory_win.cc(73)] ReadMemory at 0x22e1a14a760 of 54 bytes failed: Only part of a ReadProcessMemory or WriteProcessMemory request was completed. (0x12B)
[1010/190728.128:ERROR:process_memory_win.cc(73)] ReadMemory at 0x22e1a14af80 of 132 bytes failed: Only part of a ReadProcessMemory or WriteProcessMemory request was completed. (0x12B)
[1010/190728.128:ERROR:process_memory_win.cc(73)] ReadMemory at 0x22e1a14b760 of 132 bytes failed: Only part of a ReadProcessMemory or WriteProcessMemory request was completed. (0x12B)
[1010/190728.128:ERROR:process_memory_win.cc(73)] ReadMemory at 0x22e1a14f5c0 of 132 bytes failed: Only part of a ReadProcessMemory or WriteProcessMemory request was completed. (0x12B)
[1010/190728.128:ERROR:process_memory_win.cc(73)] ReadMemory at 0x22e1a153690 of 132 bytes failed: Only part of a ReadProcessMemory or WriteProcessMemory request was completed. (0x12B)
[1010/190728.128:ERROR:process_memory_win.cc(73)] ReadMemory at 0x22e1a1539b0 of 132 bytes failed: Only part of a ReadProcessMemory or WriteProcessMemory request was completed. (0x12B)
[1010/190729.231:ERROR:process_memory_win.cc(73)] ReadMemory at 0x22e1a153bd0 of 132 bytes failed: Only part of a ReadProcessMemory or WriteProcessMemory request was completed. (0x12B)
[1010/190729.393:ERROR:process_memory_win.cc(73)] ReadMemory at 0x22e1a1546a0 of 132 bytes failed: Only part of a ReadProcessMemory or WriteProcessMemory request was completed. (0x12B)
[1010/190729.393:ERROR:process_memory_win.cc(73)] ReadMemory at 0x22e1a1547d0 of 132 bytes failed: Only part of a ReadProcessMemory or WriteProcessMemory request was completed. (0x12B)
[1010/190729.393:ERROR:process_memory_win.cc(73)] ReadMemory at 0x22e1a154a30 of 132 bytes failed: Only part of a ReadProcessMemory or WriteProcessMemory request was completed. (0x12B)
[1010/190729.393:ERROR:process_memory_win.cc(73)] ReadMemory at 0x22e1a154ef0 of 132 bytes failed: Only part of a ReadProcessMemory or WriteProcessMemory request was completed. (0x12B)
[1010/190729.478:ERROR:process_memory_win.cc(73)] ReadMemory at 0x22e1a155020 of 132 bytes failed: Only part of a ReadProcessMemory or WriteProcessMemory request was completed. (0x12B)
[1010/190729.531:ERROR:process_memory_win.cc(73)] ReadMemory at 0x22e1a155150 of 132 bytes failed: Only part of a ReadProcessMemory or WriteProcessMemory request was completed. (0x12B)
[1010/190729.531:ERROR:process_memory_win.cc(73)] ReadMemory at 0x22e1a1554e0 of 132 bytes failed: Only part of a ReadProcessMemory or WriteProcessMemory request was completed. (0x12B)
[1010/190729.531:ERROR:process_memory_win.cc(73)] ReadMemory at 0x22e1a155610 of 132 bytes failed: Only part of a ReadProcessMemory or WriteProcessMemory request was completed. (0x12B)
[1010/190729.531:ERROR:process_memory_win.cc(73)] ReadMemory at 0x22e1a155870 of 132 bytes failed: Only part of a ReadProcessMemory or WriteProcessMemory request was completed. (0x12B)
[1010/190729.531:ERROR:process_memory_win.cc(73)] ReadMemory at 0x22e1a155ad0 of 132 bytes failed: Only part of a ReadProcessMemory or WriteProcessMemory request was completed. (0x12B)
[1010/190729.531:ERROR:process_memory_win.cc(73)] ReadMemory at 0x22e1a155d30 of 132 bytes failed: Only part of a ReadProcessMemory or WriteProcessMemory request was completed. (0x12B)
[1010/190729.531:ERROR:process_memory_win.cc(73)] ReadMemory at 0x22e1a157660 of 76 bytes failed: Only part of a ReadProcessMemory or WriteProcessMemory request was completed. (0x12B)
[1010/190729.531:ERROR:process_memory_win.cc(73)] ReadMemory at 0x22e1a157d80 of 80 bytes failed: Only part of a ReadProcessMemory or WriteProcessMemory request was completed. (0x12B)
[1010/190729.531:ERROR:process_memory_win.cc(73)] ReadMemory at 0x22e1a1712d0 of 512 bytes failed: Only part of a ReadProcessMemory or WriteProcessMemory request was completed. (0x12B)
[1010/190729.531:ERROR:process_memory_win.cc(73)] ReadMemory at 0x22e1a19aab0 of 512 bytes failed: Only part of a ReadProcessMemory or WriteProcessMemory request was completed. (0x12B)
[1010/190729.531:ERROR:process_memory_win.cc(73)] ReadMemory at 0x22e1a1a61a0 of 512 bytes failed: Only part of a ReadProcessMemory or WriteProcessMemory request was completed. (0x12B)
[1010/190729.531:ERROR:process_memory_win.cc(73)] ReadMemory at 0x22e1a1a6ea0 of 512 bytes failed: Only part of a ReadProcessMemory or WriteProcessMemory request was completed. (0x12B)
[1010/190729.531:ERROR:process_memory_win.cc(73)] ReadMemory at 0x22e1a1af230 of 512 bytes failed: Only part of a ReadProcessMemory or WriteProcessMemory request was completed. (0x12B)
[1010/190729.531:ERROR:process_memory_win.cc(73)] ReadMemory at 0x22e1a1ba8c0 of 512 bytes failed: Only part of a ReadProcessMemory or WriteProcessMemory request was completed. (0x12B)
[1010/190729.531:ERROR:process_memory_win.cc(73)] ReadMemory at 0x22e1a1bb880 of 512 bytes failed: Only part of a ReadProcessMemory or WriteProcessMemory request was completed. (0x12B)
[1010/190729.531:ERROR:process_memory_win.cc(73)] ReadMemory at 0x22e1a1c59d0 of 512 bytes failed: Only part of a ReadProcessMemory or WriteProcessMemory request was completed. (0x12B)
[1010/190729.714:ERROR:process_memory_win.cc(73)] ReadMemory at 0x22e1a1ca4e0 of 512 bytes failed: Only part of a ReadProcessMemory or WriteProcessMemory request was completed. (0x12B)
[1010/190729.714:ERROR:process_memory_win.cc(73)] ReadMemory at 0x22e1a1cbe50 of 712 bytes failed: Only part of a ReadProcessMemory or WriteProcessMemory request was completed. (0x12B)
[1010/190729.714:ERROR:process_memory_win.cc(73)] ReadMemory at 0x22e1a1e0c20 of 896 bytes failed: Only part of a ReadProcessMemory or WriteProcessMemory request was completed. (0x12B)
[1010/190729.714:ERROR:process_memory_win.cc(73)] ReadMemory at 0x22e1a214d18 of 512 bytes failed: Only part of a ReadProcessMemory or WriteProcessMemory request was completed. (0x12B)
[1010/190729.714:ERROR:process_memory_win.cc(73)] ReadMemory at 0x22e1a215df8 of 512 bytes failed: Only part of a ReadProcessMemory or WriteProcessMemory request was completed. (0x12B)
[1010/190729.714:ERROR:process_memory_win.cc(73)] ReadMemory at 0x22e1a21d030 of 512 bytes failed: Only part of a ReadProcessMemory or WriteProcessMemory request was completed. (0x12B)
[1010/190729.714:ERROR:process_memory_win.cc(73)] ReadMemory at 0x22e1ba20000 of 384 bytes failed: Only part of a ReadProcessMemory or WriteProcessMemory request was completed. (0x12B)
[1010/190729.714:ERROR:process_memory_win.cc(73)] ReadMemory at 0x22e1badb322 of 836 bytes failed: Only part of a ReadProcessMemory or WriteProcessMemory request was completed. (0x12B)
[1010/190729.714:ERROR:process_memory_win.cc(73)] ReadMemory at 0x1a6a31a867b0 of 512 bytes failed: Only part of a ReadProcessMemory or WriteProcessMemory request was completed. (0x12B)
[1010/190729.714:ERROR:process_memory_win.cc(73)] ReadMemory at 0x2e7efcc63f80 of 512 bytes failed: Only part of a ReadProcessMemory or WriteProcessMemory request was completed. (0x12B)
[1010/190729.714:ERROR:process_memory_win.cc(73)] ReadMemory at 0x332d34475de0 of 512 bytes failed: Only part of a ReadProcessMemory or WriteProcessMemory request was completed. (0x12B)
[1010/190729.714:ERROR:process_memory_win.cc(73)] ReadMemory at 0x35d903c219f0 of 512 bytes failed: Only part of a ReadProcessMemory or WriteProcessMemory request was completed. (0x12B)
[1010/190729.714:ERROR:process_memory_win.cc(73)] ReadMemory at 0x7ff9848eaea0 of 512 bytes failed: Only part of a ReadProcessMemory or WriteProcessMemory request was completed. (0x12B)
[1010/190729.714:ERROR:process_memory_win.cc(73)] ReadMemory at 0x7ff98869c720 of 512 bytes failed: Only part of a ReadProcessMemory or WriteProcessMemory request was completed. (0x12B)
[1010/190729.714:ERROR:process_memory_win.cc(73)] ReadMemory at 0x7ff9c2275810 of 512 bytes failed: Only part of a ReadProcessMemory or WriteProcessMemory request was completed. (0x12B)
[1010/190729.714:ERROR:process_memory_win.cc(73)] ReadMemory at 0x7ff9c2275ed7 of 512 bytes failed: Only part of a ReadProcessMemory or WriteProcessMemory request was completed. (0x12B)
[1010/190729.714:ERROR:process_memory_win.cc(73)] ReadMemory at 0x7ff9ff611f80 of 512 bytes failed: Only part of a ReadProcessMemory or WriteProcessMemory request was completed. (0x12B)
[1010/190729.714:ERROR:process_memory_win.cc(73)] ReadMemory at 0x7ffa0145c074 of 672 bytes failed: Only part of a ReadProcessMemory or WriteProcessMemory request was completed. (0x12B)
[1010/190729.714:ERROR:process_memory_win.cc(73)] ReadMemory at 0x7ffa0145f924 of 608 bytes failed: Only part of a ReadProcessMemory or WriteProcessMemory request was completed. (0x12B)
[1010/190729.731:ERROR:process_memory_win.cc(73)] ReadMemory at 0x7ffa014ec428 of 18 bytes failed: Only part of a ReadProcessMemory or WriteProcessMemory request was completed. (0x12B)
[1010/190729.731:ERROR:process_memory_win.cc(73)] ReadMemory at 0x7ffa0151f4f8 of 40 bytes failed: Only part of a ReadProcessMemory or WriteProcessMemory request was completed. (0x12B)
[1010/190729.731:ERROR:process_memory_win.cc(73)] ReadMemory at 0x7ffa0151f978 of 48 bytes failed: Only part of a ReadProcessMemory or WriteProcessMemory request was completed. (0x12B)
[1010/190729.731:ERROR:process_memory_win.cc(73)] ReadMemory at 0x7ffa015253c0 of 64 bytes failed: Only part of a ReadProcessMemory or WriteProcessMemory request was completed. (0x12B)
[1010/190729.747:ERROR:scoped_process_suspend.cc(40)] NtResumeProcess: An attempt was made to access an exiting process. (0xc000010a)
[1010/233712.335:ERROR:directory_reader_win.cc(43)] FindFirstFile: The system cannot find the path specified. (0x3)
[1011/011759.610:ERROR:directory_reader_win.cc(43)] FindFirstFile: The system cannot find the path specified. (0x3)
[1011/094000.333:ERROR:directory_reader_win.cc(43)] FindFirstFile: The system cannot find the path specified. (0x3)
